<?xml version="1.0" encoding="UTF-8"?>
<!-- Generated by org.testng.reporters.JUnitXMLReporter -->
<testsuite ignored="0" hostname="Manu" failures="0" tests="10" name="Test" time="20.069" errors="0" timestamp="2024-12-16T19:43:16 IST">
  <testcase classname="api.test.BookTest" name="testPostClient" time="4.285"/>
  <testcase classname="api.test.BookTest" name="testGetBookStatus" time="1.468"/>
  <testcase classname="api.test.BookTest" name="testGetAllBooks" time="1.942"/>
  <testcase classname="api.test.BookTest" name="testGetSingleBooks" time="1.52"/>
  <testcase classname="api.test.BookTest" name="testPostOrder" time="1.504"/>
  <testcase classname="api.test.BookTest" name="testGetAllOrders" time="2.658"/>
  <testcase classname="api.test.BookTest" name="testGetSingleOrders" time="1.541"/>
  <testcase classname="api.test.BookTest" name="testPatchOrders" time="1.663"/>
  <testcase classname="api.test.BookTest" name="testGetSingleOrders1" time="1.513"/>
  <testcase classname="api.test.BookTest" name="testDeleteOrder" time="1.436"/>
</testsuite> <!-- Test -->
