<?xml version="1.0" encoding="UTF-8"?>
<testsuite xmlns:xsi="http://www.w3.org/2001/XMLSchema-instance" xsi:noNamespaceSchemaLocation="https://maven.apache.org/surefire/maven-surefire-plugin/xsd/surefire-test-report-3.0.xsd" version="3.0" name="TestSuite" time="21.571" tests="10" errors="0" skipped="0" failures="0">
  <properties>
[...]
</properties>
  <testcase name="testPostClient" classname="api.test.BookTest" time="4.398">
    <system-out><![CDATA[...
... TestNG 7.7.0 by Cédric Beust (cedric@beust.com)
...

{
    "accessToken": "02b93a85b3752bfa3588c1b36a3456a6a8594dc4b9883e9fd2237b8a5da997f3"
}
]]></system-out>
    <system-err><![CDATA[SLF4J: Failed to load class "org.slf4j.impl.StaticLoggerBinder".
SLF4J: Defaulting to no-operation (NOP) logger implementation
SLF4J: See http://www.slf4j.org/codes.html#StaticLoggerBinder for further details.
]]></system-err>
  </testcase>
  <testcase name="testGetBookStatus" classname="api.test.BookTest" time="1.471">
    <system-out><![CDATA[{
    "status": "OK"
}
]]></system-out>
  </testcase>
  <testcase name="testGetAllBooks" classname="api.test.BookTest" time="1.942">
    <system-out><![CDATA[HTTP/1.1 200 OK
Date: Mon, 16 Dec 2024 14:12:20 GMT
Content-Type: application/json; charset=utf-8
Content-Length: 417
Connection: keep-alive
x-powered-by: Express
etag: W/"1a1-MfqhfTYtZO2sguD1mJq8Vf41WjU"

[
    {
        "id": 1,
        "name": "The Russian",
        "type": "fiction",
        "available": true
    },
    {
        "id": 2,
        "name": "Just as I Am",
        "type": "non-fiction",
        "available": false
    },
    {
        "id": 3,
        "name": "The Vanishing Half",
        "type": "fiction",
        "available": true
    },
    {
        "id": 4,
        "name": "The Midnight Library",
        "type": "fiction",
        "available": true
    },
    {
        "id": 5,
        "name": "Untamed",
        "type": "non-fiction",
        "available": true
    },
    {
        "id": 6,
        "name": "Viscount Who Loved Me",
        "type": "fiction",
        "available": true
    }
]
]]></system-out>
  </testcase>
  <testcase name="testGetSingleBooks" classname="api.test.BookTest" time="1.524">
    <system-out><![CDATA[{
    "id": 6,
    "name": "Viscount Who Loved Me",
    "author": "Julia Quinn",
    "type": "fiction",
    "price": 15.6,
    "current-stock": 1021,
    "available": true
}
]]></system-out>
  </testcase>
  <testcase name="testPostOrder" classname="api.test.BookTest" time="1.504">
    <system-out><![CDATA[{
    "created": true,
    "orderId": "9T8ppat3vjYkIsPIeZf-e"
}
]]></system-out>
  </testcase>
  <testcase name="testGetAllOrders" classname="api.test.BookTest" time="2.66">
    <system-out><![CDATA[[
    {
        "id": "9T8ppat3vjYkIsPIeZf-e",
        "bookId": 6,
        "customerName": "rodolfo.smitham",
        "createdBy": "27e17dc89f1fcf923c720f52da1801947a8663df6b843207a49756f661218b22",
        "quantity": 1,
        "timestamp": 1734358343954
    }
]
]]></system-out>
  </testcase>
  <testcase name="testGetSingleOrders" classname="api.test.BookTest" time="1.541">
    <system-out><![CDATA[{
    "id": "9T8ppat3vjYkIsPIeZf-e",
    "bookId": 6,
    "customerName": "rodolfo.smitham",
    "createdBy": "27e17dc89f1fcf923c720f52da1801947a8663df6b843207a49756f661218b22",
    "quantity": 1,
    "timestamp": 1734358343954
}
]]></system-out>
  </testcase>
  <testcase name="testPatchOrders" classname="api.test.BookTest" time="1.669">
    <system-out><![CDATA[HTTP/1.1 204 No Content
Date: Mon, 16 Dec 2024 14:12:29 GMT
Connection: keep-alive
x-powered-by: Express
]]></system-out>
  </testcase>
  <testcase name="testGetSingleOrders1" classname="api.test.BookTest" time="1.515">
    <system-out><![CDATA[{
    "id": "9T8ppat3vjYkIsPIeZf-e",
    "bookId": 6,
    "customerName": "keenan.treutel",
    "createdBy": "27e17dc89f1fcf923c720f52da1801947a8663df6b843207a49756f661218b22",
    "quantity": 1,
    "timestamp": 1734358343954
}
]]></system-out>
  </testcase>
  <testcase name="testDeleteOrder" classname="api.test.BookTest" time="1.447">
    <system-out><![CDATA[HTTP/1.1 204 No Content
Date: Mon, 16 Dec 2024 14:12:32 GMT
Connection: keep-alive
x-powered-by: Express
]]></system-out>
  </testcase>
</testsuite>